This is pdfTeX, Version 3.14159265-2.6-1.40.20 (MiKTeX 2.9.7000 64-bit) (preloaded format=pdflatex 2020.3.21)  4 MAY 2020 12:58
entering extended mode
**./cv_2.tex
(cv_2.tex
LaTeX2e <2018-12-01>
(twentysecondcv.cls
Document Class: twentysecondcv 2018/11/24 CV class
("C:\Users\kingj\AppData\Local\Programs\MiKTeX 2.9\tex/latex/base\article.cls"
Document Class: article 2018/09/03 v1.4i Standard LaTeX document class
("C:\Users\kingj\AppData\Local\Programs\MiKTeX 2.9\tex/latex/base\size10.clo"
File: size10.clo 2018/09/03 v1.4i Standard LaTeX file (size option)
)
\c@part=\count80
\c@section=\count81
\c@subsection=\count82
\c@subsubsection=\count83
\c@paragraph=\count84
\c@subparagraph=\count85
\c@figure=\count86
\c@table=\count87
\abovecaptionskip=\skip41
\belowcaptionskip=\skip42
\bibindent=\dimen102
)
("C:\Users\kingj\AppData\Local\Programs\MiKTeX 2.9\tex/latex/clearsans\ClearSan
s.sty"
Package: ClearSans 2019/10/16 (Bob Tennent) Supports Clear-Sans fonts for all L
aTeX engines.

("C:\Users\kingj\AppData\Local\Programs\MiKTeX 2.9\tex/generic/ifxetex\ifxetex.
sty"
Package: ifxetex 2010/09/12 v0.6 Provides ifxetex conditional
)
("C:\Users\kingj\AppData\Local\Programs\MiKTeX 2.9\tex/generic/oberdiek\ifluate
x.sty"
Package: ifluatex 2016/05/16 v1.4 Provides the ifluatex switch (HO)
Package ifluatex Info: LuaTeX not detected.
)
("C:\Users\kingj\AppData\Local\Programs\MiKTeX 2.9\tex/latex/xkeyval\xkeyval.st
y"
Package: xkeyval 2014/12/03 v2.7a package option processing (HA)

("C:\Users\kingj\AppData\Local\Programs\MiKTeX 2.9\tex/generic/xkeyval\xkeyval.
tex"
("C:\Users\kingj\AppData\Local\Programs\MiKTeX 2.9\tex/generic/xkeyval\xkvutils
.tex"
\XKV@toks=\toks14
\XKV@tempa@toks=\toks15

("C:\Users\kingj\AppData\Local\Programs\MiKTeX 2.9\tex/generic/xkeyval\keyval.t
ex"))
\XKV@depth=\count88
File: xkeyval.tex 2014/12/03 v2.7a key=value parser (HA)
)) ("C:\Users\kingj\AppData\Local\Programs\MiKTeX 2.9\tex/latex/base\textcomp.s
ty"
Package: textcomp 2018/08/11 v2.0j Standard LaTeX package
Package textcomp Info: Sub-encoding information:
(textcomp)               5 = only ISO-Adobe without \textcurrency
(textcomp)               4 = 5 + \texteuro
(textcomp)               3 = 4 + \textohm
(textcomp)               2 = 3 + \textestimated + \textcurrency
(textcomp)               1 = TS1 - \textcircled - \t
(textcomp)               0 = TS1 (full)
(textcomp)             Font families with sub-encoding setting implement
(textcomp)             only a restricted character set as indicated.
(textcomp)             Family '?' is the default used for unknown fonts.
(textcomp)             See the documentation for details.
Package textcomp Info: Setting ? sub-encoding to TS1/1 on input line 79.
("C:\Users\kingj\AppData\Local\Programs\MiKTeX 2.9\tex/latex/base\ts1enc.def"
File: ts1enc.def 2001/06/05 v3.0e (jk/car/fm) Standard LaTeX file
Now handling font encoding TS1 ...
... processing UTF-8 mapping file for font encoding TS1
("C:\Users\kingj\AppData\Local\Programs\MiKTeX 2.9\tex/latex/base\ts1enc.dfu"
File: ts1enc.dfu 2018/10/05 v1.2f UTF-8 support for inputenc
   defining Unicode char U+00A2 (decimal 162)
   defining Unicode char U+00A3 (decimal 163)
   defining Unicode char U+00A4 (decimal 164)
   defining Unicode char U+00A5 (decimal 165)
   defining Unicode char U+00A6 (decimal 166)
   defining Unicode char U+00A7 (decimal 167)
   defining Unicode char U+00A8 (decimal 168)
   defining Unicode char U+00A9 (decimal 169)
   defining Unicode char U+00AA (decimal 170)
   defining Unicode char U+00AC (decimal 172)
   defining Unicode char U+00AE (decimal 174)
   defining Unicode char U+00AF (decimal 175)
   defining Unicode char U+00B0 (decimal 176)
   defining Unicode char U+00B1 (decimal 177)
   defining Unicode char U+00B2 (decimal 178)
   defining Unicode char U+00B3 (decimal 179)
   defining Unicode char U+00B4 (decimal 180)
   defining Unicode char U+00B5 (decimal 181)
   defining Unicode char U+00B6 (decimal 182)
   defining Unicode char U+00B7 (decimal 183)
   defining Unicode char U+00B9 (decimal 185)
   defining Unicode char U+00BA (decimal 186)
   defining Unicode char U+00BC (decimal 188)
   defining Unicode char U+00BD (decimal 189)
   defining Unicode char U+00BE (decimal 190)
   defining Unicode char U+00D7 (decimal 215)
   defining Unicode char U+00F7 (decimal 247)
   defining Unicode char U+0192 (decimal 402)
   defining Unicode char U+02C7 (decimal 711)
   defining Unicode char U+02D8 (decimal 728)
   defining Unicode char U+02DD (decimal 733)
   defining Unicode char U+0E3F (decimal 3647)
   defining Unicode char U+2016 (decimal 8214)
   defining Unicode char U+2020 (decimal 8224)
   defining Unicode char U+2021 (decimal 8225)
   defining Unicode char U+2022 (decimal 8226)
   defining Unicode char U+2030 (decimal 8240)
   defining Unicode char U+2031 (decimal 8241)
   defining Unicode char U+203B (decimal 8251)
   defining Unicode char U+203D (decimal 8253)
   defining Unicode char U+2044 (decimal 8260)
   defining Unicode char U+204E (decimal 8270)
   defining Unicode char U+2052 (decimal 8274)
   defining Unicode char U+20A1 (decimal 8353)
   defining Unicode char U+20A4 (decimal 8356)
   defining Unicode char U+20A6 (decimal 8358)
   defining Unicode char U+20A9 (decimal 8361)
   defining Unicode char U+20AB (decimal 8363)
   defining Unicode char U+20AC (decimal 8364)
   defining Unicode char U+20B1 (decimal 8369)
   defining Unicode char U+2103 (decimal 8451)
   defining Unicode char U+2116 (decimal 8470)
   defining Unicode char U+2117 (decimal 8471)
   defining Unicode char U+211E (decimal 8478)
   defining Unicode char U+2120 (decimal 8480)
   defining Unicode char U+2122 (decimal 8482)
   defining Unicode char U+2126 (decimal 8486)
   defining Unicode char U+2127 (decimal 8487)
   defining Unicode char U+212E (decimal 8494)
   defining Unicode char U+2190 (decimal 8592)
   defining Unicode char U+2191 (decimal 8593)
   defining Unicode char U+2192 (decimal 8594)
   defining Unicode char U+2193 (decimal 8595)
   defining Unicode char U+2329 (decimal 9001)
   defining Unicode char U+232A (decimal 9002)
   defining Unicode char U+2422 (decimal 9250)
   defining Unicode char U+25E6 (decimal 9702)
   defining Unicode char U+25EF (decimal 9711)
   defining Unicode char U+266A (decimal 9834)
   defining Unicode char U+FEFF (decimal 65279)
))
LaTeX Info: Redefining \oldstylenums on input line 334.
Package textcomp Info: Setting cmr sub-encoding to TS1/0 on input line 349.
Package textcomp Info: Setting cmss sub-encoding to TS1/0 on input line 350.
Package textcomp Info: Setting cmtt sub-encoding to TS1/0 on input line 351.
Package textcomp Info: Setting cmvtt sub-encoding to TS1/0 on input line 352.
Package textcomp Info: Setting cmbr sub-encoding to TS1/0 on input line 353.
Package textcomp Info: Setting cmtl sub-encoding to TS1/0 on input line 354.
Package textcomp Info: Setting ccr sub-encoding to TS1/0 on input line 355.
Package textcomp Info: Setting ptm sub-encoding to TS1/4 on input line 356.
Package textcomp Info: Setting pcr sub-encoding to TS1/4 on input line 357.
Package textcomp Info: Setting phv sub-encoding to TS1/4 on input line 358.
Package textcomp Info: Setting ppl sub-encoding to TS1/3 on input line 359.
Package textcomp Info: Setting pag sub-encoding to TS1/4 on input line 360.
Package textcomp Info: Setting pbk sub-encoding to TS1/4 on input line 361.
Package textcomp Info: Setting pnc sub-encoding to TS1/4 on input line 362.
Package textcomp Info: Setting pzc sub-encoding to TS1/4 on input line 363.
Package textcomp Info: Setting bch sub-encoding to TS1/4 on input line 364.
Package textcomp Info: Setting put sub-encoding to TS1/5 on input line 365.
Package textcomp Info: Setting uag sub-encoding to TS1/5 on input line 366.
Package textcomp Info: Setting ugq sub-encoding to TS1/5 on input line 367.
Package textcomp Info: Setting ul8 sub-encoding to TS1/4 on input line 368.
Package textcomp Info: Setting ul9 sub-encoding to TS1/4 on input line 369.
Package textcomp Info: Setting augie sub-encoding to TS1/5 on input line 370.
Package textcomp Info: Setting dayrom sub-encoding to TS1/3 on input line 371.
Package textcomp Info: Setting dayroms sub-encoding to TS1/3 on input line 372.

Package textcomp Info: Setting pxr sub-encoding to TS1/0 on input line 373.
Package textcomp Info: Setting pxss sub-encoding to TS1/0 on input line 374.
Package textcomp Info: Setting pxtt sub-encoding to TS1/0 on input line 375.
Package textcomp Info: Setting txr sub-encoding to TS1/0 on input line 376.
Package textcomp Info: Setting txss sub-encoding to TS1/0 on input line 377.
Package textcomp Info: Setting txtt sub-encoding to TS1/0 on input line 378.
Package textcomp Info: Setting lmr sub-encoding to TS1/0 on input line 379.
Package textcomp Info: Setting lmdh sub-encoding to TS1/0 on input line 380.
Package textcomp Info: Setting lmss sub-encoding to TS1/0 on input line 381.
Package textcomp Info: Setting lmssq sub-encoding to TS1/0 on input line 382.
Package textcomp Info: Setting lmvtt sub-encoding to TS1/0 on input line 383.
Package textcomp Info: Setting lmtt sub-encoding to TS1/0 on input line 384.
Package textcomp Info: Setting qhv sub-encoding to TS1/0 on input line 385.
Package textcomp Info: Setting qag sub-encoding to TS1/0 on input line 386.
Package textcomp Info: Setting qbk sub-encoding to TS1/0 on input line 387.
Package textcomp Info: Setting qcr sub-encoding to TS1/0 on input line 388.
Package textcomp Info: Setting qcs sub-encoding to TS1/0 on input line 389.
Package textcomp Info: Setting qpl sub-encoding to TS1/0 on input line 390.
Package textcomp Info: Setting qtm sub-encoding to TS1/0 on input line 391.
Package textcomp Info: Setting qzc sub-encoding to TS1/0 on input line 392.
Package textcomp Info: Setting qhvc sub-encoding to TS1/0 on input line 393.
Package textcomp Info: Setting futs sub-encoding to TS1/4 on input line 394.
Package textcomp Info: Setting futx sub-encoding to TS1/4 on input line 395.
Package textcomp Info: Setting futj sub-encoding to TS1/4 on input line 396.
Package textcomp Info: Setting hlh sub-encoding to TS1/3 on input line 397.
Package textcomp Info: Setting hls sub-encoding to TS1/3 on input line 398.
Package textcomp Info: Setting hlst sub-encoding to TS1/3 on input line 399.
Package textcomp Info: Setting hlct sub-encoding to TS1/5 on input line 400.
Package textcomp Info: Setting hlx sub-encoding to TS1/5 on input line 401.
Package textcomp Info: Setting hlce sub-encoding to TS1/5 on input line 402.
Package textcomp Info: Setting hlcn sub-encoding to TS1/5 on input line 403.
Package textcomp Info: Setting hlcw sub-encoding to TS1/5 on input line 404.
Package textcomp Info: Setting hlcf sub-encoding to TS1/5 on input line 405.
Package textcomp Info: Setting pplx sub-encoding to TS1/3 on input line 406.
Package textcomp Info: Setting pplj sub-encoding to TS1/3 on input line 407.
Package textcomp Info: Setting ptmx sub-encoding to TS1/4 on input line 408.
Package textcomp Info: Setting ptmj sub-encoding to TS1/4 on input line 409.
) ("C:\Users\kingj\AppData\Local\Programs\MiKTeX 2.9\tex/latex/base\fontenc.sty
"
Package: fontenc 2018/08/11 v2.0j Standard LaTeX package
)
("C:\Users\kingj\AppData\Local\Programs\MiKTeX 2.9\tex/latex/fontaxes\fontaxes.
sty"
Package: fontaxes 2014/03/23 v1.0d Font selection axes
LaTeX Info: Redefining \upshape on input line 29.
LaTeX Info: Redefining \itshape on input line 31.
LaTeX Info: Redefining \slshape on input line 33.
LaTeX Info: Redefining \scshape on input line 37.
)
("C:\Users\kingj\AppData\Local\Programs\MiKTeX 2.9\tex/latex/mweights\mweights.
sty"
Package: mweights 2017/03/30 (Bob Tennent) Support package for multiple-weight 
font packages. 
LaTeX Info: Redefining \bfseries on input line 22.
LaTeX Info: Redefining \mdseries on input line 30.
LaTeX Info: Redefining \rmfamily on input line 38.
LaTeX Info: Redefining \sffamily on input line 66.
LaTeX Info: Redefining \ttfamily on input line 94.
)) ("C:\Users\kingj\AppData\Local\Programs\MiKTeX 2.9\tex/latex/base\inputenc.s
ty"
Package: inputenc 2018/08/11 v1.3c Input encoding file
\inpenc@prehook=\toks16
\inpenc@posthook=\toks17
) ("C:\Users\kingj\AppData\Local\Programs\MiKTeX 2.9\tex/latex/base\fontenc.sty
"
Package: fontenc 2018/08/11 v2.0j Standard LaTeX package
("C:\Users\kingj\AppData\Local\Programs\MiKTeX 2.9\tex/latex/base\t1enc.def"
File: t1enc.def 2018/08/11 v2.0j Standard LaTeX file
LaTeX Font Info:    Redeclaring font encoding T1 on input line 48.
))
("C:\Users\kingj\AppData\Local\Programs\MiKTeX 2.9\tex/latex/pgf/frontendlayer\
tikz.sty"
("C:\Users\kingj\AppData\Local\Programs\MiKTeX 2.9\tex/latex/pgf/basiclayer\pgf
.sty"
("C:\Users\kingj\AppData\Local\Programs\MiKTeX 2.9\tex/latex/pgf/utilities\pgfr
cs.sty"
("C:\Users\kingj\AppData\Local\Programs\MiKTeX 2.9\tex/generic/pgf/utilities\pg
futil-common.tex"
\pgfutil@everybye=\toks18
\pgfutil@tempdima=\dimen103
\pgfutil@tempdimb=\dimen104

("C:\Users\kingj\AppData\Local\Programs\MiKTeX 2.9\tex/generic/pgf/utilities\pg
futil-common-lists.tex"))
("C:\Users\kingj\AppData\Local\Programs\MiKTeX 2.9\tex/generic/pgf/utilities\pg
futil-latex.def"
\pgfutil@abb=\box27
("C:\Users\kingj\AppData\Local\Programs\MiKTeX 2.9\tex/latex/ms\everyshi.sty"
Package: everyshi 2001/05/15 v3.00 EveryShipout Package (MS)
))
("C:\Users\kingj\AppData\Local\Programs\MiKTeX 2.9\tex/generic/pgf/utilities\pg
frcs.code.tex"
("C:\Users\kingj\AppData\Local\Programs\MiKTeX 2.9\tex/generic/pgf\pgf.revision
.tex")
Package: pgfrcs 2019/05/09 v3.1.3 (3.1.3)
))
Package: pgf 2019/05/09 v3.1.3 (3.1.3)

("C:\Users\kingj\AppData\Local\Programs\MiKTeX 2.9\tex/latex/pgf/basiclayer\pgf
core.sty"
("C:\Users\kingj\AppData\Local\Programs\MiKTeX 2.9\tex/latex/graphics\graphicx.
sty"
Package: graphicx 2017/06/01 v1.1a Enhanced LaTeX Graphics (DPC,SPQR)

("C:\Users\kingj\AppData\Local\Programs\MiKTeX 2.9\tex/latex/graphics\graphics.
sty"
Package: graphics 2017/06/25 v1.2c Standard LaTeX Graphics (DPC,SPQR)
("C:\Users\kingj\AppData\Local\Programs\MiKTeX 2.9\tex/latex/graphics\trig.sty"
Package: trig 2016/01/03 v1.10 sin cos tan (DPC)
)
("C:\Users\kingj\AppData\Local\Programs\MiKTeX 2.9\tex/latex/graphics-cfg\graph
ics.cfg"
File: graphics.cfg 2016/06/04 v1.11 sample graphics configuration
)
Package graphics Info: Driver file: pdftex.def on input line 99.

("C:\Users\kingj\AppData\Local\Programs\MiKTeX 2.9\tex/latex/graphics-def\pdfte
x.def"
File: pdftex.def 2018/01/08 v1.0l Graphics/color driver for pdftex
))
\Gin@req@height=\dimen105
\Gin@req@width=\dimen106
)
("C:\Users\kingj\AppData\Local\Programs\MiKTeX 2.9\tex/latex/pgf/systemlayer\pg
fsys.sty"
("C:\Users\kingj\AppData\Local\Programs\MiKTeX 2.9\tex/generic/pgf/systemlayer\
pgfsys.code.tex"
Package: pgfsys 2019/05/09 v3.1.3 (3.1.3)

("C:\Users\kingj\AppData\Local\Programs\MiKTeX 2.9\tex/generic/pgf/utilities\pg
fkeys.code.tex"
\pgfkeys@pathtoks=\toks19
\pgfkeys@temptoks=\toks20

("C:\Users\kingj\AppData\Local\Programs\MiKTeX 2.9\tex/generic/pgf/utilities\pg
fkeysfiltered.code.tex"
\pgfkeys@tmptoks=\toks21
))
\pgf@x=\dimen107
\pgf@y=\dimen108
\pgf@xa=\dimen109
\pgf@ya=\dimen110
\pgf@xb=\dimen111
\pgf@yb=\dimen112
\pgf@xc=\dimen113
\pgf@yc=\dimen114
\pgf@xd=\dimen115
\pgf@yd=\dimen116
\w@pgf@writea=\write3
\r@pgf@reada=\read1
\c@pgf@counta=\count89
\c@pgf@countb=\count90
\c@pgf@countc=\count91
\c@pgf@countd=\count92
\t@pgf@toka=\toks22
\t@pgf@tokb=\toks23
\t@pgf@tokc=\toks24
\pgf@sys@id@count=\count93

("C:\Users\kingj\AppData\Local\Programs\MiKTeX 2.9\tex/generic/pgf/systemlayer\
pgf.cfg"
File: pgf.cfg 2019/05/09 v3.1.3 (3.1.3)
)
Driver file for pgf: pgfsys-pdftex.def

("C:\Users\kingj\AppData\Local\Programs\MiKTeX 2.9\tex/generic/pgf/systemlayer\
pgfsys-pdftex.def"
File: pgfsys-pdftex.def 2019/05/09 v3.1.3 (3.1.3)

("C:\Users\kingj\AppData\Local\Programs\MiKTeX 2.9\tex/generic/pgf/systemlayer\
pgfsys-common-pdf.def"
File: pgfsys-common-pdf.def 2019/05/09 v3.1.3 (3.1.3)
)))
("C:\Users\kingj\AppData\Local\Programs\MiKTeX 2.9\tex/generic/pgf/systemlayer\
pgfsyssoftpath.code.tex"
File: pgfsyssoftpath.code.tex 2019/05/09 v3.1.3 (3.1.3)
\pgfsyssoftpath@smallbuffer@items=\count94
\pgfsyssoftpath@bigbuffer@items=\count95
)
("C:\Users\kingj\AppData\Local\Programs\MiKTeX 2.9\tex/generic/pgf/systemlayer\
pgfsysprotocol.code.tex"
File: pgfsysprotocol.code.tex 2019/05/09 v3.1.3 (3.1.3)
)) ("C:\Users\kingj\AppData\Local\Programs\MiKTeX 2.9\tex/latex/xcolor\xcolor.s
ty"
Package: xcolor 2016/05/11 v2.12 LaTeX color extensions (UK)

("C:\Users\kingj\AppData\Local\Programs\MiKTeX 2.9\tex/latex/graphics-cfg\color
.cfg"
File: color.cfg 2016/01/02 v1.6 sample color configuration
)
Package xcolor Info: Driver file: pdftex.def on input line 225.
Package xcolor Info: Model `cmy' substituted by `cmy0' on input line 1348.
Package xcolor Info: Model `hsb' substituted by `rgb' on input line 1352.
Package xcolor Info: Model `RGB' extended on input line 1364.
Package xcolor Info: Model `HTML' substituted by `rgb' on input line 1366.
Package xcolor Info: Model `Hsb' substituted by `hsb' on input line 1367.
Package xcolor Info: Model `tHsb' substituted by `hsb' on input line 1368.
Package xcolor Info: Model `HSB' substituted by `hsb' on input line 1369.
Package xcolor Info: Model `Gray' substituted by `gray' on input line 1370.
Package xcolor Info: Model `wave' substituted by `hsb' on input line 1371.
)
("C:\Users\kingj\AppData\Local\Programs\MiKTeX 2.9\tex/generic/pgf/basiclayer\p
gfcore.code.tex"
Package: pgfcore 2019/05/09 v3.1.3 (3.1.3)

("C:\Users\kingj\AppData\Local\Programs\MiKTeX 2.9\tex/generic/pgf/math\pgfmath
.code.tex"
("C:\Users\kingj\AppData\Local\Programs\MiKTeX 2.9\tex/generic/pgf/math\pgfmath
calc.code.tex"
("C:\Users\kingj\AppData\Local\Programs\MiKTeX 2.9\tex/generic/pgf/math\pgfmath
util.code.tex")
("C:\Users\kingj\AppData\Local\Programs\MiKTeX 2.9\tex/generic/pgf/math\pgfmath
parser.code.tex"
\pgfmath@dimen=\dimen117
\pgfmath@count=\count96
\pgfmath@box=\box28
\pgfmath@toks=\toks25
\pgfmath@stack@operand=\toks26
\pgfmath@stack@operation=\toks27
)
("C:\Users\kingj\AppData\Local\Programs\MiKTeX 2.9\tex/generic/pgf/math\pgfmath
functions.code.tex"
("C:\Users\kingj\AppData\Local\Programs\MiKTeX 2.9\tex/generic/pgf/math\pgfmath
functions.basic.code.tex")
("C:\Users\kingj\AppData\Local\Programs\MiKTeX 2.9\tex/generic/pgf/math\pgfmath
functions.trigonometric.code.tex")
("C:\Users\kingj\AppData\Local\Programs\MiKTeX 2.9\tex/generic/pgf/math\pgfmath
functions.random.code.tex")
("C:\Users\kingj\AppData\Local\Programs\MiKTeX 2.9\tex/generic/pgf/math\pgfmath
functions.comparison.code.tex")
("C:\Users\kingj\AppData\Local\Programs\MiKTeX 2.9\tex/generic/pgf/math\pgfmath
functions.base.code.tex")
("C:\Users\kingj\AppData\Local\Programs\MiKTeX 2.9\tex/generic/pgf/math\pgfmath
functions.round.code.tex")
("C:\Users\kingj\AppData\Local\Programs\MiKTeX 2.9\tex/generic/pgf/math\pgfmath
functions.misc.code.tex")
("C:\Users\kingj\AppData\Local\Programs\MiKTeX 2.9\tex/generic/pgf/math\pgfmath
functions.integerarithmetics.code.tex")))
("C:\Users\kingj\AppData\Local\Programs\MiKTeX 2.9\tex/generic/pgf/math\pgfmath
float.code.tex"
\c@pgfmathroundto@lastzeros=\count97
))
("C:\Users\kingj\AppData\Local\Programs\MiKTeX 2.9\tex/generic/pgf/math\pgfint.
code.tex")
("C:\Users\kingj\AppData\Local\Programs\MiKTeX 2.9\tex/generic/pgf/basiclayer\p
gfcorepoints.code.tex"
File: pgfcorepoints.code.tex 2019/05/09 v3.1.3 (3.1.3)
\pgf@picminx=\dimen118
\pgf@picmaxx=\dimen119
\pgf@picminy=\dimen120
\pgf@picmaxy=\dimen121
\pgf@pathminx=\dimen122
\pgf@pathmaxx=\dimen123
\pgf@pathminy=\dimen124
\pgf@pathmaxy=\dimen125
\pgf@xx=\dimen126
\pgf@xy=\dimen127
\pgf@yx=\dimen128
\pgf@yy=\dimen129
\pgf@zx=\dimen130
\pgf@zy=\dimen131
)
("C:\Users\kingj\AppData\Local\Programs\MiKTeX 2.9\tex/generic/pgf/basiclayer\p
gfcorepathconstruct.code.tex"
File: pgfcorepathconstruct.code.tex 2019/05/09 v3.1.3 (3.1.3)
\pgf@path@lastx=\dimen132
\pgf@path@lasty=\dimen133
)
("C:\Users\kingj\AppData\Local\Programs\MiKTeX 2.9\tex/generic/pgf/basiclayer\p
gfcorepathusage.code.tex"
File: pgfcorepathusage.code.tex 2019/05/09 v3.1.3 (3.1.3)
\pgf@shorten@end@additional=\dimen134
\pgf@shorten@start@additional=\dimen135
)
("C:\Users\kingj\AppData\Local\Programs\MiKTeX 2.9\tex/generic/pgf/basiclayer\p
gfcorescopes.code.tex"
File: pgfcorescopes.code.tex 2019/05/09 v3.1.3 (3.1.3)
\pgfpic=\box29
\pgf@hbox=\box30
\pgf@layerbox@main=\box31
\pgf@picture@serial@count=\count98
)
("C:\Users\kingj\AppData\Local\Programs\MiKTeX 2.9\tex/generic/pgf/basiclayer\p
gfcoregraphicstate.code.tex"
File: pgfcoregraphicstate.code.tex 2019/05/09 v3.1.3 (3.1.3)
\pgflinewidth=\dimen136
)
("C:\Users\kingj\AppData\Local\Programs\MiKTeX 2.9\tex/generic/pgf/basiclayer\p
gfcoretransformations.code.tex"
File: pgfcoretransformations.code.tex 2019/05/09 v3.1.3 (3.1.3)
\pgf@pt@x=\dimen137
\pgf@pt@y=\dimen138
\pgf@pt@temp=\dimen139
)
("C:\Users\kingj\AppData\Local\Programs\MiKTeX 2.9\tex/generic/pgf/basiclayer\p
gfcorequick.code.tex"
File: pgfcorequick.code.tex 2019/05/09 v3.1.3 (3.1.3)
)
("C:\Users\kingj\AppData\Local\Programs\MiKTeX 2.9\tex/generic/pgf/basiclayer\p
gfcoreobjects.code.tex"
File: pgfcoreobjects.code.tex 2019/05/09 v3.1.3 (3.1.3)
)
("C:\Users\kingj\AppData\Local\Programs\MiKTeX 2.9\tex/generic/pgf/basiclayer\p
gfcorepathprocessing.code.tex"
File: pgfcorepathprocessing.code.tex 2019/05/09 v3.1.3 (3.1.3)
)
("C:\Users\kingj\AppData\Local\Programs\MiKTeX 2.9\tex/generic/pgf/basiclayer\p
gfcorearrows.code.tex"
File: pgfcorearrows.code.tex 2019/05/09 v3.1.3 (3.1.3)
\pgfarrowsep=\dimen140
)
("C:\Users\kingj\AppData\Local\Programs\MiKTeX 2.9\tex/generic/pgf/basiclayer\p
gfcoreshade.code.tex"
File: pgfcoreshade.code.tex 2019/05/09 v3.1.3 (3.1.3)
\pgf@max=\dimen141
\pgf@sys@shading@range@num=\count99
\pgf@shadingcount=\count100
)
("C:\Users\kingj\AppData\Local\Programs\MiKTeX 2.9\tex/generic/pgf/basiclayer\p
gfcoreimage.code.tex"
File: pgfcoreimage.code.tex 2019/05/09 v3.1.3 (3.1.3)

("C:\Users\kingj\AppData\Local\Programs\MiKTeX 2.9\tex/generic/pgf/basiclayer\p
gfcoreexternal.code.tex"
File: pgfcoreexternal.code.tex 2019/05/09 v3.1.3 (3.1.3)
\pgfexternal@startupbox=\box32
))
("C:\Users\kingj\AppData\Local\Programs\MiKTeX 2.9\tex/generic/pgf/basiclayer\p
gfcorelayers.code.tex"
File: pgfcorelayers.code.tex 2019/05/09 v3.1.3 (3.1.3)
)
("C:\Users\kingj\AppData\Local\Programs\MiKTeX 2.9\tex/generic/pgf/basiclayer\p
gfcoretransparency.code.tex"
File: pgfcoretransparency.code.tex 2019/05/09 v3.1.3 (3.1.3)
)
("C:\Users\kingj\AppData\Local\Programs\MiKTeX 2.9\tex/generic/pgf/basiclayer\p
gfcorepatterns.code.tex"
File: pgfcorepatterns.code.tex 2019/05/09 v3.1.3 (3.1.3)
)
("C:\Users\kingj\AppData\Local\Programs\MiKTeX 2.9\tex/generic/pgf/basiclayer\p
gfcorerdf.code.tex"
File: pgfcorerdf.code.tex 2019/05/09 v3.1.3 (3.1.3)
)))
("C:\Users\kingj\AppData\Local\Programs\MiKTeX 2.9\tex/generic/pgf/modules\pgfm
oduleshapes.code.tex"
File: pgfmoduleshapes.code.tex 2019/05/09 v3.1.3 (3.1.3)
\pgfnodeparttextbox=\box33
)
("C:\Users\kingj\AppData\Local\Programs\MiKTeX 2.9\tex/generic/pgf/modules\pgfm
oduleplot.code.tex"
File: pgfmoduleplot.code.tex 2019/05/09 v3.1.3 (3.1.3)
)
("C:\Users\kingj\AppData\Local\Programs\MiKTeX 2.9\tex/latex/pgf/compatibility\
pgfcomp-version-0-65.sty"
Package: pgfcomp-version-0-65 2019/05/09 v3.1.3 (3.1.3)
\pgf@nodesepstart=\dimen142
\pgf@nodesepend=\dimen143
)
("C:\Users\kingj\AppData\Local\Programs\MiKTeX 2.9\tex/latex/pgf/compatibility\
pgfcomp-version-1-18.sty"
Package: pgfcomp-version-1-18 2019/05/09 v3.1.3 (3.1.3)
))
("C:\Users\kingj\AppData\Local\Programs\MiKTeX 2.9\tex/latex/pgf/utilities\pgff
or.sty"
("C:\Users\kingj\AppData\Local\Programs\MiKTeX 2.9\tex/latex/pgf/utilities\pgfk
eys.sty"
("C:\Users\kingj\AppData\Local\Programs\MiKTeX 2.9\tex/generic/pgf/utilities\pg
fkeys.code.tex"))
("C:\Users\kingj\AppData\Local\Programs\MiKTeX 2.9\tex/latex/pgf/math\pgfmath.s
ty"
("C:\Users\kingj\AppData\Local\Programs\MiKTeX 2.9\tex/generic/pgf/math\pgfmath
.code.tex"))
("C:\Users\kingj\AppData\Local\Programs\MiKTeX 2.9\tex/generic/pgf/utilities\pg
ffor.code.tex"
Package: pgffor 2019/05/09 v3.1.3 (3.1.3)

("C:\Users\kingj\AppData\Local\Programs\MiKTeX 2.9\tex/generic/pgf/math\pgfmath
.code.tex")
\pgffor@iter=\dimen144
\pgffor@skip=\dimen145
\pgffor@stack=\toks28
\pgffor@toks=\toks29
))
("C:\Users\kingj\AppData\Local\Programs\MiKTeX 2.9\tex/generic/pgf/frontendlaye
r/tikz\tikz.code.tex"
Package: tikz 2019/05/09 v3.1.3 (3.1.3)

("C:\Users\kingj\AppData\Local\Programs\MiKTeX 2.9\tex/generic/pgf/libraries\pg
flibraryplothandlers.code.tex"
File: pgflibraryplothandlers.code.tex 2019/05/09 v3.1.3 (3.1.3)
\pgf@plot@mark@count=\count101
\pgfplotmarksize=\dimen146
)
\tikz@lastx=\dimen147
\tikz@lasty=\dimen148
\tikz@lastxsaved=\dimen149
\tikz@lastysaved=\dimen150
\tikzleveldistance=\dimen151
\tikzsiblingdistance=\dimen152
\tikz@figbox=\box34
\tikz@figbox@bg=\box35
\tikz@tempbox=\box36
\tikz@tempbox@bg=\box37
\tikztreelevel=\count102
\tikznumberofchildren=\count103
\tikznumberofcurrentchild=\count104
\tikz@fig@count=\count105

("C:\Users\kingj\AppData\Local\Programs\MiKTeX 2.9\tex/generic/pgf/modules\pgfm
odulematrix.code.tex"
File: pgfmodulematrix.code.tex 2019/05/09 v3.1.3 (3.1.3)
\pgfmatrixcurrentrow=\count106
\pgfmatrixcurrentcolumn=\count107
\pgf@matrix@numberofcolumns=\count108
)
\tikz@expandcount=\count109

("C:\Users\kingj\AppData\Local\Programs\MiKTeX 2.9\tex/generic/pgf/frontendlaye
r/tikz/libraries\tikzlibrarytopaths.code.tex"
File: tikzlibrarytopaths.code.tex 2019/05/09 v3.1.3 (3.1.3)
)))
("C:\Users\kingj\AppData\Local\Programs\MiKTeX 2.9\tex/latex/fontawesome\fontaw
esome.sty"
Package: fontawesome 2016/05/15 v4.6.3.1 font awesome icons

("C:\Users\kingj\AppData\Local\Programs\MiKTeX 2.9\tex/latex/fontawesome\fontaw
esomesymbols-generic.tex")
("C:\Users\kingj\AppData\Local\Programs\MiKTeX 2.9\tex/latex/fontawesome\fontaw
esomesymbols-pdftex.tex"))
("C:\Users\kingj\AppData\Local\Programs\MiKTeX 2.9\tex/latex/textpos\textpos.st
y"
Package: textpos 2019/04/15 v1.9.1
Package: textpos 2019/04/15 1.9.1, absolute positioning of text on the page
\TP@textbox=\box38
\TP@holdbox=\box39
\TPHorizModule=\dimen153
\TPVertModule=\dimen154
\TP@margin=\dimen155
\TP@absmargin=\dimen156
Grid set 16 x 16 = 38.39343pt x 49.68562pt
\TPboxrulesize=\dimen157
\TP@ox=\dimen158
\TP@oy=\dimen159
\TP@tbargs=\toks30
\TP@prevdepth=\dimen160
TextBlockOrigin set to 0pt x 0pt
) ("C:\Users\kingj\AppData\Local\Programs\MiKTeX 2.9\tex/latex/ms\ragged2e.sty"
Package: ragged2e 2009/05/21 v2.1 ragged2e Package (MS)
("C:\Users\kingj\AppData\Local\Programs\MiKTeX 2.9\tex/latex/ms\everysel.sty"
Package: everysel 2011/10/28 v1.2 EverySelectfont Package (MS)
)
\CenteringLeftskip=\skip43
\RaggedLeftLeftskip=\skip44
\RaggedRightLeftskip=\skip45
\CenteringRightskip=\skip46
\RaggedLeftRightskip=\skip47
\RaggedRightRightskip=\skip48
\CenteringParfillskip=\skip49
\RaggedLeftParfillskip=\skip50
\RaggedRightParfillskip=\skip51
\JustifyingParfillskip=\skip52
\CenteringParindent=\skip53
\RaggedLeftParindent=\skip54
\RaggedRightParindent=\skip55
\JustifyingParindent=\skip56
)
("C:\Users\kingj\AppData\Local\Programs\MiKTeX 2.9\tex/latex/etoolbox\etoolbox.
sty"
Package: etoolbox 2018/08/19 v2.5f e-TeX tools for LaTeX (JAW)
\etb@tempcnta=\count110
)
("C:\Users\kingj\AppData\Local\Programs\MiKTeX 2.9\tex/latex/ifmtarg\ifmtarg.st
y"
Package: ifmtarg 2018/04/16 v1.2b check for an empty argument
) ("C:\Users\kingj\AppData\Local\Programs\MiKTeX 2.9\tex/latex/base\ifthen.sty"
Package: ifthen 2014/09/29 v1.1c Standard LaTeX ifthen package (DPC)
)
("C:\Users\kingj\AppData\Local\Programs\MiKTeX 2.9\tex/latex/marvosym\marvosym.
sty"
Package: marvosym 2011/07/20 v2.2 Martin Vogel's Symbols font definitions
)
("C:\Users\kingj\AppData\Local\Programs\MiKTeX 2.9\tex/latex/parskip\parskip.st
y"
Package: parskip 2019-01-16 v2.0c non-zero parskip adjustments

("C:\Users\kingj\AppData\Local\Programs\MiKTeX 2.9\tex/latex/oberdiek\kvoptions
.sty"
Package: kvoptions 2016/05/16 v3.12 Key value format for package options (HO)

("C:\Users\kingj\AppData\Local\Programs\MiKTeX 2.9\tex/generic/oberdiek\ltxcmds
.sty"
Package: ltxcmds 2016/05/16 v1.23 LaTeX kernel commands for general use (HO)
)
("C:\Users\kingj\AppData\Local\Programs\MiKTeX 2.9\tex/generic/oberdiek\kvsetke
ys.sty"
Package: kvsetkeys 2016/05/16 v1.17 Key value parser (HO)

("C:\Users\kingj\AppData\Local\Programs\MiKTeX 2.9\tex/generic/oberdiek\infware
rr.sty"
Package: infwarerr 2016/05/16 v1.4 Providing info/warning/error messages (HO)
)
("C:\Users\kingj\AppData\Local\Programs\MiKTeX 2.9\tex/generic/oberdiek\etexcmd
s.sty"
Package: etexcmds 2016/05/16 v1.6 Avoid name clashes with e-TeX commands (HO)
))))
("C:\Users\kingj\AppData\Local\Programs\MiKTeX 2.9\tex/latex/geometry\geometry.
sty"
Package: geometry 2018/04/16 v5.8 Page Geometry

("C:\Users\kingj\AppData\Local\Programs\MiKTeX 2.9\tex/generic/oberdiek\ifpdf.s
ty"
Package: ifpdf 2018/09/07 v3.3 Provides the ifpdf switch
)
("C:\Users\kingj\AppData\Local\Programs\MiKTeX 2.9\tex/generic/oberdiek\ifvtex.
sty"
Package: ifvtex 2016/05/16 v1.6 Detect VTeX and its facilities (HO)
Package ifvtex Info: VTeX not detected.
)
\Gm@cnth=\count111
\Gm@cntv=\count112
\c@Gm@tempcnt=\count113
\Gm@bindingoffset=\dimen161
\Gm@wd@mp=\dimen162
\Gm@odd@mp=\dimen163
\Gm@even@mp=\dimen164
\Gm@layoutwidth=\dimen165
\Gm@layoutheight=\dimen166
\Gm@layouthoffset=\dimen167
\Gm@layoutvoffset=\dimen168
\Gm@dimlist=\toks31

("C:\Users\kingj\AppData\Local\Programs\MiKTeX 2.9\tex/latex/geometry\geometry.
cfg"))
("C:\Users\kingj\AppData\Local\Programs\MiKTeX 2.9\tex/latex/fancyhdr\fancyhdr.
sty"
Package: fancyhdr 2019/01/31 v3.10 Extensive control of page headers and footer
s
\f@nch@headwidth=\skip57
\f@nch@O@elh=\skip58
\f@nch@O@erh=\skip59
\f@nch@O@olh=\skip60
\f@nch@O@orh=\skip61
\f@nch@O@elf=\skip62
\f@nch@O@erf=\skip63
\f@nch@O@olf=\skip64
\f@nch@O@orf=\skip65
)
\imagewidth=\skip66
\imagescale=\skip67
\TotalSectionLength=\skip68
\SectionTitleLength=\skip69
\c@colorCounter=\count114
)
("C:\Users\kingj\AppData\Local\Programs\MiKTeX 2.9\tex/latex/hyperref\hyperref.
sty"
Package: hyperref 2018/11/30 v6.88e Hypertext links for LaTeX

("C:\Users\kingj\AppData\Local\Programs\MiKTeX 2.9\tex/generic/oberdiek\hobsub-
hyperref.sty"
Package: hobsub-hyperref 2016/05/16 v1.14 Bundle oberdiek, subset hyperref (HO)


("C:\Users\kingj\AppData\Local\Programs\MiKTeX 2.9\tex/generic/oberdiek\hobsub-
generic.sty"
Package: hobsub-generic 2016/05/16 v1.14 Bundle oberdiek, subset generic (HO)
Package: hobsub 2016/05/16 v1.14 Construct package bundles (HO)
Package hobsub Info: Skipping package `infwarerr' (already loaded).
Package hobsub Info: Skipping package `ltxcmds' (already loaded).
Package hobsub Info: Skipping package `ifluatex' (already loaded).
Package hobsub Info: Skipping package `ifvtex' (already loaded).
Package: intcalc 2016/05/16 v1.2 Expandable calculations with integers (HO)
Package hobsub Info: Skipping package `ifpdf' (already loaded).
Package hobsub Info: Skipping package `etexcmds' (already loaded).
Package hobsub Info: Skipping package `kvsetkeys' (already loaded).
Package: kvdefinekeys 2016/05/16 v1.4 Define keys (HO)
Package: pdftexcmds 2018/09/10 v0.29 Utility functions of pdfTeX for LuaTeX (HO
)
Package pdftexcmds Info: LuaTeX not detected.
Package pdftexcmds Info: \pdf@primitive is available.
Package pdftexcmds Info: \pdf@ifprimitive is available.
Package pdftexcmds Info: \pdfdraftmode found.
Package: pdfescape 2016/05/16 v1.14 Implements pdfTeX's escape features (HO)
Package: bigintcalc 2016/05/16 v1.4 Expandable calculations on big integers (HO
)
Package: bitset 2016/05/16 v1.2 Handle bit-vector datatype (HO)
Package: uniquecounter 2016/05/16 v1.3 Provide unlimited unique counter (HO)
)
Package hobsub Info: Skipping package `hobsub' (already loaded).
Package: letltxmacro 2016/05/16 v1.5 Let assignment for LaTeX macros (HO)
Package: hopatch 2016/05/16 v1.3 Wrapper for package hooks (HO)
Package: xcolor-patch 2016/05/16 xcolor patch
Package: atveryend 2016/05/16 v1.9 Hooks at the very end of document (HO)
Package: atbegshi 2016/06/09 v1.18 At begin shipout hook (HO)
Package: refcount 2016/05/16 v3.5 Data extraction from label references (HO)
Package: hycolor 2016/05/16 v1.8 Color options for hyperref/bookmark (HO)
)
("C:\Users\kingj\AppData\Local\Programs\MiKTeX 2.9\tex/latex/oberdiek\auxhook.s
ty"
Package: auxhook 2016/05/16 v1.4 Hooks for auxiliary files (HO)
)
\@linkdim=\dimen169
\Hy@linkcounter=\count115
\Hy@pagecounter=\count116

("C:\Users\kingj\AppData\Local\Programs\MiKTeX 2.9\tex/latex/hyperref\pd1enc.de
f"
File: pd1enc.def 2018/11/30 v6.88e Hyperref: PDFDocEncoding definition (HO)
Now handling font encoding PD1 ...
... no UTF-8 mapping file for font encoding PD1
)
\Hy@SavedSpaceFactor=\count117

("C:\Users\kingj\AppData\Local\Programs\MiKTeX 2.9\tex/latex/00miktex\hyperref.
cfg"
File: hyperref.cfg 2002/06/06 v1.2 hyperref configuration of TeXLive
)
Package hyperref Info: Hyper figures OFF on input line 4519.
Package hyperref Info: Link nesting OFF on input line 4524.
Package hyperref Info: Hyper index ON on input line 4527.
Package hyperref Info: Plain pages OFF on input line 4534.
Package hyperref Info: Backreferencing OFF on input line 4539.
Package hyperref Info: Implicit mode ON; LaTeX internals redefined.
Package hyperref Info: Bookmarks ON on input line 4772.
\c@Hy@tempcnt=\count118
("C:\Users\kingj\AppData\Local\Programs\MiKTeX 2.9\tex/latex/url\url.sty"
\Urlmuskip=\muskip10
Package: url 2013/09/16  ver 3.4  Verb mode for urls, etc.
)
LaTeX Info: Redefining \url on input line 5125.
\XeTeXLinkMargin=\dimen170
\Fld@menulength=\count119
\Field@Width=\dimen171
\Fld@charsize=\dimen172
Package hyperref Info: Hyper figures OFF on input line 6380.
Package hyperref Info: Link nesting OFF on input line 6385.
Package hyperref Info: Hyper index ON on input line 6388.
Package hyperref Info: backreferencing OFF on input line 6395.
Package hyperref Info: Link coloring OFF on input line 6400.
Package hyperref Info: Link coloring with OCG OFF on input line 6405.
Package hyperref Info: PDF/A mode OFF on input line 6410.
LaTeX Info: Redefining \ref on input line 6450.
LaTeX Info: Redefining \pageref on input line 6454.
\Hy@abspage=\count120
\c@Item=\count121
\c@Hfootnote=\count122
)
Package hyperref Info: Driver (autodetected): hpdftex.

("C:\Users\kingj\AppData\Local\Programs\MiKTeX 2.9\tex/latex/hyperref\hpdftex.d
ef"
File: hpdftex.def 2018/11/30 v6.88e Hyperref driver for pdfTeX
\Fld@listcount=\count123
\c@bookmark@seq@number=\count124

("C:\Users\kingj\AppData\Local\Programs\MiKTeX 2.9\tex/latex/oberdiek\rerunfile
check.sty"
Package: rerunfilecheck 2016/05/16 v1.8 Rerun checks for auxiliary files (HO)
Package uniquecounter Info: New unique counter `rerunfilecheck' on input line 2
82.
)
\Hy@SectionHShift=\skip70
)
("C:\Users\kingj\AppData\Local\Programs\MiKTeX 2.9\tex/latex/dejavu\DejaVuSansM
ono.sty"
Package: DejaVuSansMono 2011/06/01 Style file for DejaVuSansMono.
) ("C:\Users\kingj\AppData\Local\Programs\MiKTeX 2.9\tex/latex/base\fixltx2e.st
y"
Package: fixltx2e 2016/12/29 v2.1a fixes to LaTeX (obsolete)
Applying: [2015/01/01] Old fixltx2e package on input line 46.

Package fixltx2e Warning: fixltx2e is not required with releases after 2015
(fixltx2e)                All fixes are now in the LaTeX kernel.
(fixltx2e)                See the latexrelease package for details.

Already applied: [0000/00/00] Old fixltx2e package on input line 53.
) ("C:\Users\kingj\AppData\Local\Programs\MiKTeX 2.9\tex/latex/base\fontenc.sty
"
Package: fontenc 2018/08/11 v2.0j Standard LaTeX package
("C:\Users\kingj\AppData\Local\Programs\MiKTeX 2.9\tex/latex/base\t1enc.def"
File: t1enc.def 2018/08/11 v2.0j Standard LaTeX file
LaTeX Font Info:    Redeclaring font encoding T1 on input line 48.
))
("C:\Users\kingj\AppData\Local\Programs\MiKTeX 2.9\tex/latex/csquotes\csquotes.
sty"
Package: csquotes 2019-12-06 v5.2j context-sensitive quotations (JAW)
\csq@reset=\count125
\csq@gtype=\count126
\csq@glevel=\count127
\csq@qlevel=\count128
\csq@maxlvl=\count129
\csq@tshold=\count130
\csq@ltx@everypar=\toks32

("C:\Users\kingj\AppData\Local\Programs\MiKTeX 2.9\tex/latex/csquotes\csquotes.
def"
File: csquotes.def 2019-12-06 v5.2j csquotes generic definitions (JAW)
)
Package csquotes Info: Trying to load configuration file 'csquotes.cfg'...
Package csquotes Info: ... configuration file loaded successfully.

("C:\Users\kingj\AppData\Local\Programs\MiKTeX 2.9\tex/latex/csquotes\csquotes.
cfg"
File: csquotes.cfg 
))
("C:\Users\kingj\AppData\Local\Programs\MiKTeX 2.9\tex/latex/booktabs\booktabs.
sty"
Package: booktabs 2005/04/14 v1.61803 publication quality tables
\heavyrulewidth=\dimen173
\lightrulewidth=\dimen174
\cmidrulewidth=\dimen175
\belowrulesep=\dimen176
\belowbottomsep=\dimen177
\aboverulesep=\dimen178
\abovetopsep=\dimen179
\cmidrulesep=\dimen180
\cmidrulekern=\dimen181
\defaultaddspace=\dimen182
\@cmidla=\count131
\@cmidlb=\count132
\@aboverulesep=\dimen183
\@belowrulesep=\dimen184
\@thisruleclass=\count133
\@lastruleclass=\count134
\@thisrulewidth=\dimen185
)
("C:\Users\kingj\AppData\Local\Programs\MiKTeX 2.9\tex/latex/biblatex\biblatex.
sty"
Package: biblatex 2019/12/01 v3.14 programmable bibliographies (PK/MW)
("C:\Users\kingj\AppData\Local\Programs\MiKTeX 2.9\tex/latex/logreq\logreq.sty"
Package: logreq 2010/08/04 v1.0 xml request logger
\lrq@indent=\count135
("C:\Users\kingj\AppData\Local\Programs\MiKTeX 2.9\tex/latex/logreq\logreq.def"
File: logreq.def 2010/08/04 v1.0 logreq spec v1.0
))
\c@tabx@nest=\count136
\c@listtotal=\count137
\c@listcount=\count138
\c@liststart=\count139
\c@liststop=\count140
\c@citecount=\count141
\c@citetotal=\count142
\c@multicitecount=\count143
\c@multicitetotal=\count144
\c@instcount=\count145
\c@maxnames=\count146
\c@minnames=\count147
\c@maxitems=\count148
\c@minitems=\count149
\c@citecounter=\count150
\c@maxcitecounter=\count151
\c@savedcitecounter=\count152
\c@uniquelist=\count153
\c@uniquename=\count154
\c@refsection=\count155
\c@refsegment=\count156
\c@maxextratitle=\count157
\c@maxextratitleyear=\count158
\c@maxextraname=\count159
\c@maxextradate=\count160
\c@maxextraalpha=\count161
\c@abbrvpenalty=\count162
\c@highnamepenalty=\count163
\c@lownamepenalty=\count164
\c@maxparens=\count165
\c@parenlevel=\count166
\blx@tempcnta=\count167
\blx@tempcntb=\count168
\blx@tempcntc=\count169
\blx@maxsection=\count170
\blx@maxsegment@0=\count171
\blx@notetype=\count172
\blx@parenlevel@text=\count173
\blx@parenlevel@foot=\count174
\blx@sectionciteorder@0=\count175
\blx@entrysetcounter=\count176
\labelnumberwidth=\skip71
\labelalphawidth=\skip72
\biblabelsep=\skip73
\bibitemsep=\skip74
\bibnamesep=\skip75
\bibinitsep=\skip76
\bibparsep=\skip77
\bibhang=\skip78
\blx@bcfin=\read2
\blx@bcfout=\write4
\blx@langwohyphens=\language76
\c@mincomprange=\count177
\c@maxcomprange=\count178
\c@mincompwidth=\count179
Package biblatex Info: Trying to load biblatex default data model...
Package biblatex Info: ... file 'blx-dm.def' found.

("C:\Users\kingj\AppData\Local\Programs\MiKTeX 2.9\tex/latex/biblatex\blx-dm.de
f"
File: blx-dm.def 2019/12/01 v3.14 biblatex localization (PK/MW)
)
Package biblatex Info: Trying to load biblatex citestyle data model...
Package biblatex Info: ... file 'authoryear.dbx' not found.
Package biblatex Info: Trying to load biblatex bibstyle data model...
Package biblatex Info: ... file 'authoryear-comp.dbx' not found.
Package biblatex Info: Trying to load biblatex custom data model...
Package biblatex Info: ... file 'biblatex-dm.cfg' not found.
\c@afterword=\count180
\c@savedafterword=\count181
\c@annotator=\count182
\c@savedannotator=\count183
\c@author=\count184
\c@savedauthor=\count185
\c@bookauthor=\count186
\c@savedbookauthor=\count187
\c@commentator=\count188
\c@savedcommentator=\count189
\c@editor=\count190
\c@savededitor=\count191
\c@editora=\count192
\c@savededitora=\count193
\c@editorb=\count194
\c@savededitorb=\count195
\c@editorc=\count196
\c@savededitorc=\count197
\c@foreword=\count198
\c@savedforeword=\count199
\c@holder=\count266
\c@savedholder=\count267
\c@introduction=\count268
\c@savedintroduction=\count269
\c@namea=\count270
\c@savednamea=\count271
\c@nameb=\count272
\c@savednameb=\count273
\c@namec=\count274
\c@savednamec=\count275
\c@translator=\count276
\c@savedtranslator=\count277
\c@shortauthor=\count278
\c@savedshortauthor=\count279
\c@shorteditor=\count280
\c@savedshorteditor=\count281
\c@labelname=\count282
\c@savedlabelname=\count283
\c@institution=\count284
\c@savedinstitution=\count285
\c@lista=\count286
\c@savedlista=\count287
\c@listb=\count288
\c@savedlistb=\count289
\c@listc=\count290
\c@savedlistc=\count291
\c@listd=\count292
\c@savedlistd=\count293
\c@liste=\count294
\c@savedliste=\count295
\c@listf=\count296
\c@savedlistf=\count297
\c@location=\count298
\c@savedlocation=\count299
\c@organization=\count300
\c@savedorganization=\count301
\c@origlocation=\count302
\c@savedoriglocation=\count303
\c@origpublisher=\count304
\c@savedorigpublisher=\count305
\c@publisher=\count306
\c@savedpublisher=\count307
\c@language=\count308
\c@savedlanguage=\count309
\c@origlanguage=\count310
\c@savedoriglanguage=\count311
\c@pageref=\count312
\c@savedpageref=\count313
\shorthandwidth=\skip79
\shortjournalwidth=\skip80
\shortserieswidth=\skip81
\shorttitlewidth=\skip82
\shortauthorwidth=\skip83
\shorteditorwidth=\skip84
\locallabelnumberwidth=\skip85
\locallabelalphawidth=\skip86
\localshorthandwidth=\skip87
\localshortjournalwidth=\skip88
\localshortserieswidth=\skip89
\localshorttitlewidth=\skip90
\localshortauthorwidth=\skip91
\localshorteditorwidth=\skip92
Package biblatex Info: Trying to load compatibility code...
Package biblatex Info: ... file 'blx-compat.def' found.

("C:\Users\kingj\AppData\Local\Programs\MiKTeX 2.9\tex/latex/biblatex\blx-compa
t.def"
File: blx-compat.def 2019/12/01 v3.14 biblatex compatibility (PK/MW)
)
Package biblatex Info: Trying to load generic definitions...
Package biblatex Info: ... file 'biblatex.def' found.

("C:\Users\kingj\AppData\Local\Programs\MiKTeX 2.9\tex/latex/biblatex\biblatex.
def"
File: biblatex.def 2019/12/01 v3.14 biblatex compatibility (PK/MW)
\c@textcitecount=\count314
\c@textcitetotal=\count315
\c@textcitemaxnames=\count316
\c@biburlbigbreakpenalty=\count317
\c@biburlbreakpenalty=\count318
\c@biburlnumpenalty=\count319
\c@biburlucpenalty=\count320
\c@biburllcpenalty=\count321
\biburlbigskip=\muskip11
\biburlnumskip=\muskip12
\biburlucskip=\muskip13
\biburllcskip=\muskip14
\c@smartand=\count322
)
Package biblatex Info: Trying to load natbib compatibility...
Package biblatex Info: ... file 'blx-natbib.def' found.

("C:\Users\kingj\AppData\Local\Programs\MiKTeX 2.9\tex/latex/biblatex\blx-natbi
b.def"
File: blx-natbib.def 2019/12/01 v3.14 biblatex compatibility (PK/MW)
Package biblatex Info: Delimiter 'nameyeardelim' in context '' already defined,
 overwriting.
)
Package biblatex Info: Trying to load bibliography style 'authoryear-comp'...
Package biblatex Info: ... file 'authoryear-comp.bbx' found.

("C:\Users\kingj\AppData\Local\Programs\MiKTeX 2.9\tex/latex/biblatex/bbx\autho
ryear-comp.bbx"
File: authoryear-comp.bbx 2019/12/01 v3.14 biblatex bibliography style (PK/MW)
Package biblatex Info: Trying to load bibliography style 'authoryear'...
Package biblatex Info: ... file 'authoryear.bbx' found.

("C:\Users\kingj\AppData\Local\Programs\MiKTeX 2.9\tex/latex/biblatex/bbx\autho
ryear.bbx"
File: authoryear.bbx 2019/12/01 v3.14 biblatex bibliography style (PK/MW)
Package biblatex Info: Trying to load bibliography style 'standard'...
Package biblatex Info: ... file 'standard.bbx' found.

("C:\Users\kingj\AppData\Local\Programs\MiKTeX 2.9\tex/latex/biblatex/bbx\stand
ard.bbx"
File: standard.bbx 2019/12/01 v3.14 biblatex bibliography style (PK/MW)
\c@bbx:relatedcount=\count323
\c@bbx:relatedtotal=\count324
)))
Package biblatex Info: Trying to load citation style 'authoryear'...
Package biblatex Info: ... file 'authoryear.cbx' found.

("C:\Users\kingj\AppData\Local\Programs\MiKTeX 2.9\tex/latex/biblatex/cbx\autho
ryear.cbx"
File: authoryear.cbx 2019/12/01 v3.14 biblatex citation style (PK/MW)
Package biblatex Info: Redefining '\cite'.
Package biblatex Info: Redefining '\parencite'.
Package biblatex Info: Redefining '\footcite'.
Package biblatex Info: Redefining '\footcitetext'.
Package biblatex Info: Redefining '\smartcite'.
Package biblatex Info: Redefining '\textcite'.
Package biblatex Info: Redefining '\textcites'.
)
Package biblatex Info: Trying to load configuration file...
Package biblatex Info: ... file 'biblatex.cfg' found.

("C:\Users\kingj\AppData\Local\Programs\MiKTeX 2.9\tex/latex/biblatex\biblatex.
cfg"
File: biblatex.cfg 
)) ("C:\Users\kingj\AppData\Local\Programs\MiKTeX 2.9\tex/latex/xpatch\xpatch.s
ty" ("C:\Users\kingj\AppData\Local\Programs\MiKTeX 2.9\tex/latex/l3kernel\expl3
.sty"
Package: expl3 2019-05-09 L3 programming layer (loader) 

("C:\Users\kingj\AppData\Local\Programs\MiKTeX 2.9\tex/latex/l3kernel\expl3-cod
e.tex"
Package: expl3 2019-05-09 L3 programming layer (code)
\c_max_int=\count325
\l_tmpa_int=\count326
\l_tmpb_int=\count327
\g_tmpa_int=\count328
\g_tmpb_int=\count329
\g__kernel_prg_map_int=\count330
\c__ior_term_ior=\count331
\c_log_iow=\count332
\l_iow_line_count_int=\count333
\l__iow_line_target_int=\count334
\l__iow_one_indent_int=\count335
\l__iow_indent_int=\count336
\c_zero_dim=\dimen186
\c_max_dim=\dimen187
\l_tmpa_dim=\dimen188
\l_tmpb_dim=\dimen189
\g_tmpa_dim=\dimen190
\g_tmpb_dim=\dimen191
\c_zero_skip=\skip93
\c_max_skip=\skip94
\l_tmpa_skip=\skip95
\l_tmpb_skip=\skip96
\g_tmpa_skip=\skip97
\g_tmpb_skip=\skip98
\c_zero_muskip=\muskip15
\c_max_muskip=\muskip16
\l_tmpa_muskip=\muskip17
\l_tmpb_muskip=\muskip18
\g_tmpa_muskip=\muskip19
\g_tmpb_muskip=\muskip20
\l_keys_choice_int=\count337
\l__intarray_loop_int=\count338
\c__intarray_sp_dim=\dimen192
\g__intarray_font_int=\count339
\c__fp_leading_shift_int=\count340
\c__fp_middle_shift_int=\count341
\c__fp_trailing_shift_int=\count342
\c__fp_big_leading_shift_int=\count343
\c__fp_big_middle_shift_int=\count344
\c__fp_big_trailing_shift_int=\count345
\c__fp_Bigg_leading_shift_int=\count346
\c__fp_Bigg_middle_shift_int=\count347
\c__fp_Bigg_trailing_shift_int=\count348
\c__kernel_randint_max_int=\count349
\g__fp_array_int=\count350
\l__fp_array_loop_int=\count351
\l__sort_length_int=\count352
\l__sort_min_int=\count353
\l__sort_top_int=\count354
\l__sort_max_int=\count355
\l__sort_true_max_int=\count356
\l__sort_block_int=\count357
\l__sort_begin_int=\count358
\l__sort_end_int=\count359
\l__sort_A_int=\count360
\l__sort_B_int=\count361
\l__sort_C_int=\count362
\l__tl_analysis_normal_int=\count363
\l__tl_analysis_index_int=\count364
\l__tl_analysis_nesting_int=\count365
\l__tl_analysis_type_int=\count366
\l__regex_internal_a_int=\count367
\l__regex_internal_b_int=\count368
\l__regex_internal_c_int=\count369
\l__regex_balance_int=\count370
\l__regex_group_level_int=\count371
\l__regex_mode_int=\count372
\c__regex_cs_in_class_mode_int=\count373
\c__regex_cs_mode_int=\count374
\l__regex_catcodes_int=\count375
\l__regex_default_catcodes_int=\count376
\c__regex_catcode_D_int=\count377
\c__regex_catcode_S_int=\count378
\c__regex_catcode_L_int=\count379
\c__regex_catcode_O_int=\count380
\c__regex_catcode_A_int=\count381
\c__regex_all_catcodes_int=\count382
\l__regex_show_lines_int=\count383
\l__regex_min_state_int=\count384
\l__regex_max_state_int=\count385
\l__regex_left_state_int=\count386
\l__regex_right_state_int=\count387
\l__regex_capturing_group_int=\count388
\l__regex_min_pos_int=\count389
\l__regex_max_pos_int=\count390
\l__regex_curr_pos_int=\count391
\l__regex_start_pos_int=\count392
\l__regex_success_pos_int=\count393
\l__regex_curr_char_int=\count394
\l__regex_curr_catcode_int=\count395
\l__regex_last_char_int=\count396
\l__regex_case_changed_char_int=\count397
\l__regex_curr_state_int=\count398
\l__regex_step_int=\count399
\l__regex_min_active_int=\count400
\l__regex_max_active_int=\count401
\l__regex_replacement_csnames_int=\count402
\l__regex_match_count_int=\count403
\l__regex_min_submatch_int=\count404
\l__regex_submatch_int=\count405
\l__regex_zeroth_submatch_int=\count406
\g__regex_trace_regex_int=\count407
\c_empty_box=\box40
\l_tmpa_box=\box41
\l_tmpb_box=\box42
\g_tmpa_box=\box43
\g_tmpb_box=\box44
\l__box_top_dim=\dimen193
\l__box_bottom_dim=\dimen194
\l__box_left_dim=\dimen195
\l__box_right_dim=\dimen196
\l__box_top_new_dim=\dimen197
\l__box_bottom_new_dim=\dimen198
\l__box_left_new_dim=\dimen199
\l__box_right_new_dim=\dimen256
\l__box_internal_box=\box45
\l__coffin_internal_box=\box46
\l__coffin_internal_dim=\dimen257
\l__coffin_offset_x_dim=\dimen258
\l__coffin_offset_y_dim=\dimen259
\l__coffin_x_dim=\dimen260
\l__coffin_y_dim=\dimen261
\l__coffin_x_prime_dim=\dimen262
\l__coffin_y_prime_dim=\dimen263
\c_empty_coffin=\box47
\l__coffin_aligned_coffin=\box48
\l__coffin_aligned_internal_coffin=\box49
\l_tmpa_coffin=\box50
\l_tmpb_coffin=\box51
\g_tmpa_coffin=\box52
\g_tmpb_coffin=\box53
\l__coffin_bounding_shift_dim=\dimen264
\l__coffin_left_corner_dim=\dimen265
\l__coffin_right_corner_dim=\dimen266
\l__coffin_bottom_corner_dim=\dimen267
\l__coffin_top_corner_dim=\dimen268
\l__coffin_scaled_total_height_dim=\dimen269
\l__coffin_scaled_width_dim=\dimen270
\c__coffin_empty_coffin=\box54
\l__coffin_display_coffin=\box55
\l__coffin_display_coord_coffin=\box56
\l__coffin_display_pole_coffin=\box57
\l__coffin_display_offset_dim=\dimen271
\l__coffin_display_x_dim=\dimen272
\l__coffin_display_y_dim=\dimen273
\g__file_internal_ior=\read3
\l__seq_internal_a_int=\count408
\l__seq_internal_b_int=\count409
\c__deprecation_minus_one=\count410
)
("C:\Users\kingj\AppData\Local\Programs\MiKTeX 2.9\tex/latex/l3kernel\l3pdfmode
.def"
File: l3pdfmode.def 2019-04-06 v L3 Experimental driver: PDF mode
\l__driver_internal_box=\box58
\l__driver_color_stack_int=\count411
))
Package: xpatch 2012/10/02 v0.3 Extending etoolbox patching commands

("C:\Users\kingj\AppData\Local\Programs\MiKTeX 2.9\tex/latex/l3packages/xparse\
xparse.sty"
Package: xparse 2019-05-03 L3 Experimental document command parser
\l__xparse_current_arg_int=\count412
\g__xparse_grabber_int=\count413
\l__xparse_m_args_int=\count414
\l__xparse_v_nesting_int=\count415
))
\c@papers=\count416
Package csquotes Info: Checking for multilingual support...
Package csquotes Info: ... none found.
No file cv_2.aux.
\openout1 = `cv_2.aux'.

LaTeX Font Info:    Checking defaults for OML/cmm/m/it on input line 138.
LaTeX Font Info:    ... okay on input line 138.
LaTeX Font Info:    Checking defaults for T1/cmr/m/n on input line 138.
LaTeX Font Info:    ... okay on input line 138.
LaTeX Font Info:    Checking defaults for OT1/cmr/m/n on input line 138.
LaTeX Font Info:    ... okay on input line 138.
LaTeX Font Info:    Checking defaults for OMS/cmsy/m/n on input line 138.
LaTeX Font Info:    ... okay on input line 138.
LaTeX Font Info:    Checking defaults for OMX/cmex/m/n on input line 138.
LaTeX Font Info:    ... okay on input line 138.
LaTeX Font Info:    Checking defaults for U/cmr/m/n on input line 138.
LaTeX Font Info:    ... okay on input line 138.
LaTeX Font Info:    Checking defaults for TS1/cmr/m/n on input line 138.
LaTeX Font Info:    Try loading font information for TS1+cmr on input line 138.

("C:\Users\kingj\AppData\Local\Programs\MiKTeX 2.9\tex/latex/base\ts1cmr.fd"
File: ts1cmr.fd 2014/09/29 v2.5h Standard LaTeX font definitions
)
LaTeX Font Info:    ... okay on input line 138.
LaTeX Font Info:    Checking defaults for PD1/pdf/m/n on input line 138.
LaTeX Font Info:    ... okay on input line 138.
LaTeX Font Info:    Try loading font information for T1+ClearSans-TLF on input 
line 138.

("C:\Users\kingj\AppData\Local\Programs\MiKTeX 2.9\tex/latex/clearsans\t1clears
ans-tlf.fd"
File: T1ClearSans-TLF.fd 2019/10/16 (autoinst) Font definitions for T1/ClearSan
s-TLF.
)
LaTeX Font Info:    Font shape `T1/ClearSans-TLF/m/n' in size <10> not availabl
e
(Font)              Font shape `T1/ClearSans-TLF/regular/n' tried instead on in
put line 138.
LaTeX Font Info:    Font shape `T1/ClearSans-TLF/regular/n' will be
(Font)              scaled to size 10.0pt on input line 138.
\c@mv@tabular=\count417
\c@mv@boldtabular=\count418
ABD: EveryShipout initializing macros
("C:\Users\kingj\AppData\Local\Programs\MiKTeX 2.9\tex/context/base/mkii\supp-p
df.mkii"
[Loading MPS to PDF converter (version 2006.09.02).]
\scratchcounter=\count419
\scratchdimen=\dimen274
\scratchbox=\box59
\nofMPsegments=\count420
\nofMParguments=\count421
\everyMPshowfont=\toks33
\MPscratchCnt=\count422
\MPscratchDim=\dimen275
\MPnumerator=\count423
\makeMPintoPDFobject=\count424
\everyMPtoPDFconversion=\toks34
)
("C:\Users\kingj\AppData\Local\Programs\MiKTeX 2.9\tex/latex/oberdiek\epstopdf-
base.sty"
Package: epstopdf-base 2016/05/15 v2.6 Base part for package epstopdf

("C:\Users\kingj\AppData\Local\Programs\MiKTeX 2.9\tex/latex/oberdiek\grfext.st
y"
Package: grfext 2016/05/16 v1.2 Manage graphics extensions (HO)
)
Package epstopdf-base Info: Redefining graphics rule for `.eps' on input line 4
38.
Package grfext Info: Graphics extension search list:
(grfext)             [.pdf,.png,.jpg,.mps,.jpeg,.jbig2,.jb2,.PDF,.PNG,.JPG,.JPE
G,.JBIG2,.JB2,.eps]
(grfext)             \AppendGraphicsExtensions on input line 456.
) ABD: EverySelectfont initializing macros
LaTeX Info: Redefining \selectfont on input line 138.
*geometry* driver: auto-detecting
*geometry* detected driver: pdftex
*geometry* verbose mode - [ preamble ] result:
* driver: pdftex
* paper: a4paper
* layout: <same size as paper>
* layoutoffset:(h,v)=(0.0pt,0.0pt)
* modes: 
* h-part:(L,W,R)=(216.2411pt, 352.81403pt, 28.45274pt)
* v-part:(T,H,B)=(2.84544pt, 839.35596pt, 2.84544pt)
* \paperwidth=597.50787pt
* \paperheight=845.04684pt
* \textwidth=352.81403pt
* \textheight=839.35596pt
* \oddsidemargin=143.97112pt
* \evensidemargin=143.97112pt
* \topmargin=-69.42455pt
* \headheight=0.0pt
* \headsep=0.0pt
* \topskip=10.0pt
* \footskip=0.0pt
* \marginparwidth=65.0pt
* \marginparsep=11.0pt
* \columnsep=10.0pt
* \skip\footins=9.0pt plus 4.0pt minus 2.0pt
* \hoffset=0.0pt
* \voffset=0.0pt
* \mag=1000
* \@twocolumnfalse
* \@twosidefalse
* \@mparswitchfalse
* \@reversemarginfalse
* (1in=72.27pt=25.4mm, 1cm=28.453pt)

\AtBeginShipoutBox=\box60
Package hyperref Info: Link coloring OFF on input line 138.

("C:\Users\kingj\AppData\Local\Programs\MiKTeX 2.9\tex/latex/hyperref\nameref.s
ty"
Package: nameref 2016/05/21 v2.44 Cross-referencing by name of section

("C:\Users\kingj\AppData\Local\Programs\MiKTeX 2.9\tex/generic/oberdiek\gettitl
estring.sty"
Package: gettitlestring 2016/05/16 v1.5 Cleanup title references (HO)
)
\c@section@level=\count425
)
LaTeX Info: Redefining \ref on input line 138.
LaTeX Info: Redefining \pageref on input line 138.
LaTeX Info: Redefining \nameref on input line 138.
\@outlinefile=\write5
\openout5 = `cv_2.out'.

Package biblatex Info: Trying to load language 'english'...
Package biblatex Info: ... file 'english.lbx' found.

("C:\Users\kingj\AppData\Local\Programs\MiKTeX 2.9\tex/latex/biblatex/lbx\engli
sh.lbx"
File: english.lbx 2019/12/01 v3.14 biblatex localization (PK/MW)
)
Package biblatex Info: Input encoding 'utf8' detected.
Package biblatex Info: Data encoding 'utf8' specified.
(biblatex)             No need to reencode data.
\openout4 = `cv_2.bcf'.

Package biblatex Info: Trying to load bibliographic data...
Package biblatex Info: ... file 'cv_2.bbl' not found.
No file cv_2.bbl.
Package biblatex Info: Reference section=0 on input line 138.
Package biblatex Info: Reference segment=0 on input line 138.
<cv.jpg, id=6, 2797.45125pt x 2783.39874pt>
File: cv.jpg Graphic file (type jpg)
<use cv.jpg>
Package pdftex.def Info: cv.jpg  used on input line 147.
(pdftex.def)             Requested size: 142.26378pt x 141.514pt.
LaTeX Font Info:    Font shape `T1/ClearSans-TLF/m/n' in size <20.74> not avail
able
(Font)              Font shape `T1/ClearSans-TLF/regular/n' tried instead on in
put line 147.
LaTeX Font Info:    Font shape `T1/ClearSans-TLF/regular/n' will be
(Font)              scaled to size 20.74pt on input line 147.
LaTeX Font Info:    Font shape `T1/ClearSans-TLF/m/n' in size <14.4> not availa
ble
(Font)              Font shape `T1/ClearSans-TLF/regular/n' tried instead on in
put line 147.
LaTeX Font Info:    Font shape `T1/ClearSans-TLF/regular/n' will be
(Font)              scaled to size 14.4pt on input line 147.
LaTeX Font Info:    External font `cmex10' loaded for size
(Font)              <7> on input line 147.
LaTeX Font Info:    External font `cmex10' loaded for size
(Font)              <5> on input line 147.
LaTeX Font Info:    Try loading font information for U+fontawesometwo on input 
line 147.

("C:\Users\kingj\AppData\Local\Programs\MiKTeX 2.9\tex/latex/fontawesome\ufonta
wesometwo.fd"
File: ufontawesometwo.fd 2016/05/22 Font definitions for U/fontawesometwo.
)
LaTeX Font Info:    Try loading font information for T1+DejaVuSansMono-TLF on i
nput line 147.

("C:\Users\kingj\AppData\Local\Programs\MiKTeX 2.9\tex/latex/dejavu\t1dejavusan
smono-tlf.fd"
File: T1DejaVuSansMono-TLF.fd 2011/06/01 Font definitions for T1/DejaVuSansMono
-TLF.
)
LaTeX Font Info:    Font shape `T1/DejaVuSansMono-TLF/m/n' will be
(Font)              scaled to size 8.6pt on input line 147.
LaTeX Font Info:    Try loading font information for TS1+ClearSans-TLF on input
 line 158.

("C:\Users\kingj\AppData\Local\Programs\MiKTeX 2.9\tex/latex/clearsans\ts1clear
sans-tlf.fd"
File: TS1ClearSans-TLF.fd 2019/10/16 (autoinst) Font definitions for TS1/ClearS
ans-TLF.
)
LaTeX Font Info:    Font shape `TS1/ClearSans-TLF/m/n' in size <10> not availab
le
(Font)              Font shape `TS1/ClearSans-TLF/regular/n' tried instead on i
nput line 158.
LaTeX Font Info:    Font shape `TS1/ClearSans-TLF/regular/n' will be
(Font)              scaled to size 10.0pt on input line 158.
LaTeX Font Info:    Font shape `T1/ClearSans-TLF/m/n' in size <8> not available

(Font)              Font shape `T1/ClearSans-TLF/regular/n' tried instead on in
put line 172.
LaTeX Font Info:    Font shape `T1/ClearSans-TLF/regular/n' will be
(Font)              scaled to size 8.0pt on input line 172.

Underfull \hbox (badness 10000) in paragraph at lines 172--173

 []


Overfull \hbox (1.56117pt too wide) in alignment at lines 177--177
[] []
 []


Underfull \hbox (badness 10000) in paragraph at lines 177--178

 []


LaTeX Warning: Empty bibliography on input line 195.


LaTeX Warning: Citation '1' undefined on input line 210.


LaTeX Warning: Citation '2' undefined on input line 210.


LaTeX Warning: Citation '3' undefined on input line 210.


LaTeX Warning: Citation '4' undefined on input line 210.


LaTeX Warning: Citation '5' undefined on input line 210.


LaTeX Warning: Citation '6' undefined on input line 210.


LaTeX Warning: Citation '7' undefined on input line 210.


LaTeX Warning: Citation '8' undefined on input line 210.


LaTeX Warning: Citation '9' undefined on input line 210.


LaTeX Warning: Citation '10' undefined on input line 210.


LaTeX Warning: Citation '11' undefined on input line 210.


LaTeX Warning: Citation '12' undefined on input line 210.


LaTeX Warning: Citation '13' undefined on input line 210.


LaTeX Warning: Citation '14' undefined on input line 210.

[1

{C:/Users/kingj/AppData/Local/MiKTeX/2.9/pdftex/config/pdftex.map} <./cv.jpg>]
Package atveryend Info: Empty hook `BeforeClearDocument' on input line 214.
Package atveryend Info: Empty hook `AfterLastShipout' on input line 214.
(cv_2.aux)
Package atveryend Info: Executing hook `AtVeryEndDocument' on input line 214.
Package atveryend Info: Executing hook `AtEndAfterFileList' on input line 214.

Package rerunfilecheck Warning: File `cv_2.out' has changed.
(rerunfilecheck)                Rerun to get outlines right
(rerunfilecheck)                or use package `bookmark'.

Package rerunfilecheck Info: Checksums for `cv_2.out':
(rerunfilecheck)             Before: <no file>
(rerunfilecheck)             After:  D41D8CD98F00B204E9800998ECF8427E;0.

LaTeX Warning: There were undefined references.


LaTeX Warning: Label(s) may have changed. Rerun to get cross-references right.


Package biblatex Warning: Please (re)run Biber on the file:
(biblatex)                cv_2
(biblatex)                and rerun LaTeX afterwards.

Package logreq Info: Writing requests to 'cv_2.run.xml'.
\openout1 = `cv_2.run.xml'.

 )
(\end occurred when \ifnum on line 31 was incomplete) 
Here is how much of TeX's memory you used:
 36213 strings out of 492945
 691175 string characters out of 3126252
 1113811 words of memory out of 3000000
 39665 multiletter control sequences out of 15000+200000
 558162 words of font info for 38 fonts, out of 3000000 for 9000
 1141 hyphenation exceptions out of 8191
 62i,11n,63p,1055b,788s stack positions out of 5000i,500n,10000p,200000b,50000s
{C:/Users/kingj/AppData/Lo
cal/Programs/MiKTeX 2.9/fonts/enc/dvips/dejavu/dejavumono_t1-type1.enc}{C:/User
s/kingj/AppData/Local/Programs/MiKTeX 2.9/fonts/enc/dvips/fontawesome/fontaweso
metwo.enc}{C:/Users/kingj/AppData/Local/Programs/MiKTeX 2.9/fonts/enc/dvips/cle
arsans/clr_nrghxx.enc}{C:/Users/kingj/AppData/Local/Programs/MiKTeX 2.9/fonts/e
nc/dvips/clearsans/clr_zxbkm4.enc}<C:/Users/kingj/AppData/Local/Programs/MiKTeX
 2.9/fonts/type1/intel/clearsans/ClearSans-Regular.pfb><C:/Users/kingj/AppData/
Local/Programs/MiKTeX 2.9/fonts/type1/public/dejavu/DejaVuSansMono.pfb><C:/User
s/kingj/AppData/Local/Programs/MiKTeX 2.9/fonts/type1/public/fontawesome/FontAw
esome.pfb>
Output written on cv_2.pdf (1 page, 1160481 bytes).
PDF statistics:
 39 PDF objects out of 1000 (max. 8388607)
 5 named destinations out of 1000 (max. 500000)
 18 words of extra memory for PDF output out of 10000 (max. 10000000)

